<?xml version="1.0" encoding="UTF-8"?>
<!-- Generated by org.testng.reporters.JUnitXMLReporter -->
<testsuite ignored="0" hostname="LAPTOP-F45BGB9P" failures="1" tests="6" name="Nopackage" time="0.157" errors="0" timestamp="2022-09-16T13:51:44 BST">
  <testcase classname="com.qa.learningselenium.TestNGTestOne" name="addComputerTest" time="0.017">
    <failure type="java.lang.AssertionError" message="null">
      <![CDATA[java.lang.AssertionError: null
at com.qa.learningselenium.TestNGTestOne.addComputerTest(TestNGTestOne.java:31)
at java.base/java.util.ArrayList.forEach(ArrayList.java:1511)
... Removed 27 stack frames]]>
    </failure>
  </testcase> <!-- addComputerTest -->
  <testcase classname="com.qa.learningselenium.TestNGTestOne" name="searchComputerTest" time="0.004"/>
  <testcase classname="com.qa.learningselenium.TestNGTestOne" name="editComputerTest" time="0.0">
    <skipped/>
  </testcase> <!-- editComputerTest -->
  <testcase classname="com.qa.learningselenium.TestNGTestOne" name="deleteComputerTest" time="0.0">
    <skipped/>
  </testcase> <!-- deleteComputerTest -->
  <testcase classname="com.qa.learningselenium.TestNGTestTwo" name="differentGroupFirstTest" time="0.003"/>
  <testcase classname="com.qa.learningselenium.TestNGTestTwo" name="differentGroupSecondTest" time="0.004"/>
</testsuite> <!-- Nopackage -->
