<?xml version="1.0" encoding="UTF-8"?>
<testng-results ignored="0" total="6" passed="3" failed="1" skipped="2">
  <reporter-output>
  </reporter-output>
  <suite started-at="2022-09-16T13:51:44 BST" name="Suite1" finished-at="2022-09-16T13:51:44 BST" duration-ms="157">
    <groups>
      <group name="functional">
        <method signature="TestNGTestTwo.differentGroupSecondTest()[pri:0, instance:com.qa.learningselenium.TestNGTestTwo@9597028]" name="differentGroupSecondTest" class="com.qa.learningselenium.TestNGTestTwo"/>
        <method signature="TestNGTestOne.addComputerTest()[pri:1, instance:com.qa.learningselenium.TestNGTestOne@7f0eb4b4]" name="addComputerTest" class="com.qa.learningselenium.TestNGTestOne"/>
        <method signature="TestNGTestOne.searchComputerTest()[pri:2, instance:com.qa.learningselenium.TestNGTestOne@7f0eb4b4]" name="searchComputerTest" class="com.qa.learningselenium.TestNGTestOne"/>
      </group> <!-- functional -->
    </groups>
    <test started-at="2022-09-16T13:51:44 BST" name="Nopackage" finished-at="2022-09-16T13:51:44 BST" duration-ms="157">
      <class name="com.qa.learningselenium.TestNGTestTwo">
        <test-method signature="differentGroupFirstTest()[pri:0, instance:com.qa.learningselenium.TestNGTestTwo@9597028]" started-at="2022-09-16T13:51:44 BST" name="differentGroupFirstTest" finished-at="2022-09-16T13:51:44 BST" duration-ms="3" status="PASS">
          <reporter-output>
          </reporter-output>
        </test-method> <!-- differentGroupFirstTest -->
        <test-method signature="differentGroupSecondTest()[pri:0, instance:com.qa.learningselenium.TestNGTestTwo@9597028]" started-at="2022-09-16T13:51:44 BST" name="differentGroupSecondTest" finished-at="2022-09-16T13:51:44 BST" duration-ms="4" status="PASS">
          <reporter-output>
          </reporter-output>
        </test-method> <!-- differentGroupSecondTest -->
      </class> <!-- com.qa.learningselenium.TestNGTestTwo -->
      <class name="com.qa.learningselenium.TestNGTestOne">
        <test-method is-config="true" signature="makeDbConnection()[pri:0, instance:com.qa.learningselenium.TestNGTestOne@7f0eb4b4]" started-at="2022-09-16T13:51:44 BST" name="makeDbConnection" finished-at="2022-09-16T13:51:44 BST" duration-ms="11" status="PASS">
          <reporter-output>
          </reporter-output>
        </test-method> <!-- makeDbConnection -->
        <test-method is-config="true" signature="openBrowser()[pri:0, instance:com.qa.learningselenium.TestNGTestOne@7f0eb4b4]" started-at="2022-09-16T13:51:44 BST" name="openBrowser" finished-at="2022-09-16T13:51:44 BST" duration-ms="1" status="PASS">
          <reporter-output>
          </reporter-output>
        </test-method> <!-- openBrowser -->
        <test-method is-config="true" signature="printTestName()[pri:0, instance:com.qa.learningselenium.TestNGTestOne@7f0eb4b4]" started-at="2022-09-16T13:51:44 BST" name="printTestName" finished-at="2022-09-16T13:51:44 BST" duration-ms="1" status="PASS">
          <reporter-output>
          </reporter-output>
        </test-method> <!-- printTestName -->
        <test-method signature="addComputerTest()[pri:1, instance:com.qa.learningselenium.TestNGTestOne@7f0eb4b4]" started-at="2022-09-16T13:51:44 BST" name="addComputerTest" finished-at="2022-09-16T13:51:44 BST" duration-ms="17" status="FAIL">
          <exception class="java.lang.AssertionError">
            <message>
              <![CDATA[null]]>
            </message>
            <full-stacktrace>
              <![CDATA[java.lang.AssertionError: null
at org.testng.Assert.fail(Assert.java:110)
at org.testng.Assert.fail(Assert.java:115)
at com.qa.learningselenium.TestNGTestOne.addComputerTest(TestNGTestOne.java:31)
at java.base/jdk.internal.reflect.DirectMethodHandleAccessor.invoke(DirectMethodHandleAccessor.java:104)
at java.base/java.lang.reflect.Method.invoke(Method.java:577)
at org.testng.internal.invokers.MethodInvocationHelper.invokeMethod(MethodInvocationHelper.java:139)
at org.testng.internal.invokers.TestInvoker.invokeMethod(TestInvoker.java:677)
at org.testng.internal.invokers.TestInvoker.invokeTestMethod(TestInvoker.java:221)
at org.testng.internal.invokers.MethodRunner.runInSequence(MethodRunner.java:50)
at org.testng.internal.invokers.TestInvoker$MethodInvocationAgent.invoke(TestInvoker.java:962)
at org.testng.internal.invokers.TestInvoker.invokeTestMethods(TestInvoker.java:194)
at org.testng.internal.invokers.TestMethodWorker.invokeTestMethods(TestMethodWorker.java:148)
at org.testng.internal.invokers.TestMethodWorker.run(TestMethodWorker.java:128)
at java.base/java.util.ArrayList.forEach(ArrayList.java:1511)
at org.testng.TestRunner.privateRun(TestRunner.java:806)
at org.testng.TestRunner.run(TestRunner.java:601)
at org.testng.SuiteRunner.runTest(SuiteRunner.java:433)
at org.testng.SuiteRunner.runSequentially(SuiteRunner.java:427)
at org.testng.SuiteRunner.privateRun(SuiteRunner.java:387)
at org.testng.SuiteRunner.run(SuiteRunner.java:330)
at org.testng.SuiteRunnerWorker.runSuite(SuiteRunnerWorker.java:52)
at org.testng.SuiteRunnerWorker.run(SuiteRunnerWorker.java:95)
at org.testng.TestNG.runSuitesSequentially(TestNG.java:1256)
at org.testng.TestNG.runSuitesLocally(TestNG.java:1176)
at org.testng.TestNG.runSuites(TestNG.java:1099)
at org.testng.TestNG.run(TestNG.java:1067)
at org.testng.remote.AbstractRemoteTestNG.run(AbstractRemoteTestNG.java:115)
at org.testng.remote.RemoteTestNG.initAndRun(RemoteTestNG.java:251)
at org.testng.remote.RemoteTestNG.main(RemoteTestNG.java:77)
]]>
            </full-stacktrace>
          </exception> <!-- java.lang.AssertionError -->
          <reporter-output>
          </reporter-output>
        </test-method> <!-- addComputerTest -->
        <test-method is-config="true" signature="captureScreenshot()[pri:0, instance:com.qa.learningselenium.TestNGTestOne@7f0eb4b4]" started-at="2022-09-16T13:51:44 BST" name="captureScreenshot" finished-at="2022-09-16T13:51:44 BST" duration-ms="1" status="PASS">
          <reporter-output>
          </reporter-output>
        </test-method> <!-- captureScreenshot -->
        <test-method is-config="true" signature="printTestName()[pri:0, instance:com.qa.learningselenium.TestNGTestOne@7f0eb4b4]" started-at="2022-09-16T13:51:44 BST" name="printTestName" finished-at="2022-09-16T13:51:44 BST" duration-ms="3" status="PASS">
          <reporter-output>
          </reporter-output>
        </test-method> <!-- printTestName -->
        <test-method signature="searchComputerTest()[pri:2, instance:com.qa.learningselenium.TestNGTestOne@7f0eb4b4]" started-at="2022-09-16T13:51:44 BST" name="searchComputerTest" finished-at="2022-09-16T13:51:44 BST" duration-ms="4" status="PASS">
          <reporter-output>
          </reporter-output>
        </test-method> <!-- searchComputerTest -->
        <test-method is-config="true" signature="captureScreenshot()[pri:0, instance:com.qa.learningselenium.TestNGTestOne@7f0eb4b4]" started-at="2022-09-16T13:51:44 BST" name="captureScreenshot" finished-at="2022-09-16T13:51:44 BST" duration-ms="1" status="PASS">
          <reporter-output>
          </reporter-output>
        </test-method> <!-- captureScreenshot -->
        <test-method signature="editComputerTest()[pri:3, instance:com.qa.learningselenium.TestNGTestOne@7f0eb4b4]" started-at="2022-09-16T13:51:44 BST" name="editComputerTest" finished-at="2022-09-16T13:51:44 BST" depends-on-methods="com.qa.learningselenium.TestNGTestOne.addComputerTest" duration-ms="0" status="SKIP">
          <exception class="java.lang.Throwable">
            <message>
              <![CDATA[Method com.qa.learningselenium.TestNGTestOne.editComputerTest() on instance com.qa.learningselenium.TestNGTestOne@7f0eb4b4 depends on not successfully finished methods 
[com.qa.learningselenium.TestNGTestOne.addComputerTest() on instance com.qa.learningselenium.TestNGTestOne@7f0eb4b4]]]>
            </message>
            <full-stacktrace>
              <![CDATA[java.lang.Throwable: Method com.qa.learningselenium.TestNGTestOne.editComputerTest() on instance com.qa.learningselenium.TestNGTestOne@7f0eb4b4 depends on not successfully finished methods 
[com.qa.learningselenium.TestNGTestOne.addComputerTest() on instance com.qa.learningselenium.TestNGTestOne@7f0eb4b4]
at org.testng.internal.invokers.TestInvoker.invokeTestMethods(TestInvoker.java:150)
at org.testng.internal.invokers.TestMethodWorker.invokeTestMethods(TestMethodWorker.java:148)
at org.testng.internal.invokers.TestMethodWorker.run(TestMethodWorker.java:128)
at java.base/java.util.ArrayList.forEach(ArrayList.java:1511)
at org.testng.TestRunner.privateRun(TestRunner.java:806)
at org.testng.TestRunner.run(TestRunner.java:601)
at org.testng.SuiteRunner.runTest(SuiteRunner.java:433)
at org.testng.SuiteRunner.runSequentially(SuiteRunner.java:427)
at org.testng.SuiteRunner.privateRun(SuiteRunner.java:387)
at org.testng.SuiteRunner.run(SuiteRunner.java:330)
at org.testng.SuiteRunnerWorker.runSuite(SuiteRunnerWorker.java:52)
at org.testng.SuiteRunnerWorker.run(SuiteRunnerWorker.java:95)
at org.testng.TestNG.runSuitesSequentially(TestNG.java:1256)
at org.testng.TestNG.runSuitesLocally(TestNG.java:1176)
at org.testng.TestNG.runSuites(TestNG.java:1099)
at org.testng.TestNG.run(TestNG.java:1067)
at org.testng.remote.AbstractRemoteTestNG.run(AbstractRemoteTestNG.java:115)
at org.testng.remote.RemoteTestNG.initAndRun(RemoteTestNG.java:251)
at org.testng.remote.RemoteTestNG.main(RemoteTestNG.java:77)
]]>
            </full-stacktrace>
          </exception> <!-- java.lang.Throwable -->
          <reporter-output>
          </reporter-output>
        </test-method> <!-- editComputerTest -->
        <test-method signature="deleteComputerTest()[pri:4, instance:com.qa.learningselenium.TestNGTestOne@7f0eb4b4]" started-at="2022-09-16T13:51:44 BST" name="deleteComputerTest" finished-at="2022-09-16T13:51:44 BST" depends-on-methods="com.qa.learningselenium.TestNGTestOne.addComputerTest" duration-ms="0" status="SKIP">
          <exception class="java.lang.Throwable">
            <message>
              <![CDATA[Method com.qa.learningselenium.TestNGTestOne.deleteComputerTest() on instance com.qa.learningselenium.TestNGTestOne@7f0eb4b4 depends on not successfully finished methods 
[com.qa.learningselenium.TestNGTestOne.addComputerTest() on instance com.qa.learningselenium.TestNGTestOne@7f0eb4b4]]]>
            </message>
            <full-stacktrace>
              <![CDATA[java.lang.Throwable: Method com.qa.learningselenium.TestNGTestOne.deleteComputerTest() on instance com.qa.learningselenium.TestNGTestOne@7f0eb4b4 depends on not successfully finished methods 
[com.qa.learningselenium.TestNGTestOne.addComputerTest() on instance com.qa.learningselenium.TestNGTestOne@7f0eb4b4]
at org.testng.internal.invokers.TestInvoker.invokeTestMethods(TestInvoker.java:150)
at org.testng.internal.invokers.TestMethodWorker.invokeTestMethods(TestMethodWorker.java:148)
at org.testng.internal.invokers.TestMethodWorker.run(TestMethodWorker.java:128)
at java.base/java.util.ArrayList.forEach(ArrayList.java:1511)
at org.testng.TestRunner.privateRun(TestRunner.java:806)
at org.testng.TestRunner.run(TestRunner.java:601)
at org.testng.SuiteRunner.runTest(SuiteRunner.java:433)
at org.testng.SuiteRunner.runSequentially(SuiteRunner.java:427)
at org.testng.SuiteRunner.privateRun(SuiteRunner.java:387)
at org.testng.SuiteRunner.run(SuiteRunner.java:330)
at org.testng.SuiteRunnerWorker.runSuite(SuiteRunnerWorker.java:52)
at org.testng.SuiteRunnerWorker.run(SuiteRunnerWorker.java:95)
at org.testng.TestNG.runSuitesSequentially(TestNG.java:1256)
at org.testng.TestNG.runSuitesLocally(TestNG.java:1176)
at org.testng.TestNG.runSuites(TestNG.java:1099)
at org.testng.TestNG.run(TestNG.java:1067)
at org.testng.remote.AbstractRemoteTestNG.run(AbstractRemoteTestNG.java:115)
at org.testng.remote.RemoteTestNG.initAndRun(RemoteTestNG.java:251)
at org.testng.remote.RemoteTestNG.main(RemoteTestNG.java:77)
]]>
            </full-stacktrace>
          </exception> <!-- java.lang.Throwable -->
          <reporter-output>
          </reporter-output>
        </test-method> <!-- deleteComputerTest -->
        <test-method is-config="true" signature="quitBrowser()[pri:0, instance:com.qa.learningselenium.TestNGTestOne@7f0eb4b4]" started-at="2022-09-16T13:51:44 BST" name="quitBrowser" finished-at="2022-09-16T13:51:44 BST" duration-ms="1" status="PASS">
          <reporter-output>
          </reporter-output>
        </test-method> <!-- quitBrowser -->
        <test-method is-config="true" signature="closeDbConnection()[pri:0, instance:com.qa.learningselenium.TestNGTestOne@7f0eb4b4]" started-at="2022-09-16T13:51:44 BST" name="closeDbConnection" finished-at="2022-09-16T13:51:44 BST" duration-ms="1" status="PASS">
          <reporter-output>
          </reporter-output>
        </test-method> <!-- closeDbConnection -->
      </class> <!-- com.qa.learningselenium.TestNGTestOne -->
    </test> <!-- Nopackage -->
  </suite> <!-- Suite1 -->
</testng-results>
